2025-09-02T08:38:46.714+01:00  INFO 65343 --- [MHIS] [main] com.niyiment.mhis.MhisApplication        : Starting MhisApplication v1.0.0 using Java 21.0.5 with PID 65343 (/Users/niyi/Documents/development/java/projects/public/mhis/target/classes started by niyi in /Users/niyi/Documents/development/java/projects/public/mhis)
2025-09-02T08:38:46.717+01:00 DEBUG 65343 --- [MHIS] [main] com.niyiment.mhis.MhisApplication        : Running with Spring Boot v3.5.5, Spring v6.2.10
2025-09-02T08:38:46.717+01:00  INFO 65343 --- [MHIS] [main] com.niyiment.mhis.MhisApplication        : The following 1 profile is active: "dev"
2025-09-02T08:38:46.746+01:00  INFO 65343 --- [MHIS] [main] .s.b.d.c.l.DockerComposeLifecycleManager : Using Docker Compose file /Users/niyi/Documents/development/java/projects/public/mhis/compose.yaml
2025-09-02T08:38:49.899+01:00  INFO 65343 --- [MHIS] [OutputReader-stderr] o.s.boot.docker.compose.core.DockerCli   :  Container mhis-postgres-1  Starting
2025-09-02T08:38:50.071+01:00  INFO 65343 --- [MHIS] [OutputReader-stderr] o.s.boot.docker.compose.core.DockerCli   :  Container mhis-postgres-1  Started
2025-09-02T08:38:50.071+01:00  INFO 65343 --- [MHIS] [OutputReader-stderr] o.s.boot.docker.compose.core.DockerCli   :  Container mhis-postgres-1  Waiting
2025-09-02T08:38:50.581+01:00  INFO 65343 --- [MHIS] [OutputReader-stderr] o.s.boot.docker.compose.core.DockerCli   :  Container mhis-postgres-1  Healthy
2025-09-02T08:38:51.570+01:00  INFO 65343 --- [MHIS] [main] .s.d.r.c.RepositoryConfigurationDelegate : Bootstrapping Spring Data JPA repositories in DEFAULT mode.
2025-09-02T08:38:51.608+01:00  INFO 65343 --- [MHIS] [main] .s.d.r.c.RepositoryConfigurationDelegate : Finished Spring Data repository scanning in 31 ms. Found 1 JPA repository interface.
2025-09-02T08:38:51.934+01:00  INFO 65343 --- [MHIS] [main] o.s.b.w.embedded.tomcat.TomcatWebServer  : Tomcat initialized with port 8080 (http)
2025-09-02T08:38:51.943+01:00  INFO 65343 --- [MHIS] [main] o.apache.catalina.core.StandardService   : Starting service [Tomcat]
2025-09-02T08:38:51.943+01:00  INFO 65343 --- [MHIS] [main] o.apache.catalina.core.StandardEngine    : Starting Servlet engine: [Apache Tomcat/10.1.44]
2025-09-02T08:38:51.979+01:00  INFO 65343 --- [MHIS] [main] o.a.c.c.C.[Tomcat].[localhost].[/api]    : Initializing Spring embedded WebApplicationContext
2025-09-02T08:38:51.979+01:00  INFO 65343 --- [MHIS] [main] w.s.c.ServletWebServerApplicationContext : Root WebApplicationContext: initialization completed in 995 ms
2025-09-02T08:38:52.060+01:00 DEBUG 65343 --- [MHIS] [main] o.s.w.f.ServerHttpObservationFilter      : Filter 'webMvcObservationFilter' configured for use
2025-09-02T08:38:52.600+01:00  INFO 65343 --- [MHIS] [main] liquibase.database                       : Set default schema name to public
2025-09-02T08:38:52.937+01:00  INFO 65343 --- [MHIS] [main] liquibase.changelog                      : Reading from public.databasechangelog
2025-09-02T08:38:52.975+01:00  INFO 65343 --- [MHIS] [main] liquibase.ui                             : Database is up to date, no changesets to execute
2025-09-02T08:38:52.976+01:00  INFO 65343 --- [MHIS] [main] liquibase.changelog                      : Reading from public.databasechangelog
2025-09-02T08:38:52.982+01:00  INFO 65343 --- [MHIS] [main] liquibase.util                           : UPDATE SUMMARY
2025-09-02T08:38:52.983+01:00  INFO 65343 --- [MHIS] [main] liquibase.util                           : Run:                          0
2025-09-02T08:38:52.983+01:00  INFO 65343 --- [MHIS] [main] liquibase.util                           : Previously run:               2
2025-09-02T08:38:52.983+01:00  INFO 65343 --- [MHIS] [main] liquibase.util                           : Filtered out:                 0
2025-09-02T08:38:52.983+01:00  INFO 65343 --- [MHIS] [main] liquibase.util                           : -------------------------------
2025-09-02T08:38:52.983+01:00  INFO 65343 --- [MHIS] [main] liquibase.util                           : Total change sets:            2
2025-09-02T08:38:52.983+01:00  INFO 65343 --- [MHIS] [main] liquibase.util                           : Update summary generated
2025-09-02T08:38:52.984+01:00  INFO 65343 --- [MHIS] [main] liquibase.command                        : Command execution complete
2025-09-02T08:38:54.552+01:00  INFO 65343 --- [MHIS] [main] o.hibernate.jpa.internal.util.LogHelper  : HHH000204: Processing PersistenceUnitInfo [name: default]
2025-09-02T08:38:54.585+01:00  INFO 65343 --- [MHIS] [main] org.hibernate.Version                    : HHH000412: Hibernate ORM core version 6.6.26.Final
2025-09-02T08:38:54.605+01:00  INFO 65343 --- [MHIS] [main] o.h.c.internal.RegionFactoryInitiator    : HHH000026: Second-level cache disabled
2025-09-02T08:38:54.747+01:00  INFO 65343 --- [MHIS] [main] o.s.o.j.p.SpringPersistenceUnitInfo      : No LoadTimeWeaver setup: ignoring JPA class transformer
2025-09-02T08:38:54.765+01:00  INFO 65343 --- [MHIS] [main] com.zaxxer.hikari.HikariDataSource       : HikariPool-1 - Starting...
2025-09-02T08:38:54.803+01:00  INFO 65343 --- [MHIS] [main] com.zaxxer.hikari.pool.HikariPool        : HikariPool-1 - Added connection org.postgresql.jdbc.PgConnection@62871522
2025-09-02T08:38:54.804+01:00  INFO 65343 --- [MHIS] [main] com.zaxxer.hikari.HikariDataSource       : HikariPool-1 - Start completed.
2025-09-02T08:38:54.853+01:00  INFO 65343 --- [MHIS] [main] org.hibernate.orm.connections.pooling    : HHH10001005: Database info:
	Database JDBC URL [Connecting through datasource 'HikariDataSource (HikariPool-1)']
	Database driver: undefined/unknown
	Database version: 17.4
	Autocommit mode: undefined/unknown
	Isolation level: undefined/unknown
	Minimum pool size: undefined/unknown
	Maximum pool size: undefined/unknown
2025-09-02T08:38:55.321+01:00  INFO 65343 --- [MHIS] [main] o.h.e.t.j.p.i.JtaPlatformInitiator       : HHH000489: No JTA platform available (set 'hibernate.transaction.jta.platform' to enable JTA platform integration)
2025-09-02T08:38:55.352+01:00 ERROR 65343 --- [MHIS] [main] j.LocalContainerEntityManagerFactoryBean : Failed to initialize JPA EntityManagerFactory: [PersistenceUnit: default] Unable to build Hibernate SessionFactory; nested exception is org.hibernate.tool.schema.spi.SchemaManagementException: Schema-validation: missing column [id] in table [facilities]
2025-09-02T08:38:55.352+01:00  WARN 65343 --- [MHIS] [main] ConfigServletWebServerApplicationContext : Exception encountered during context initialization - cancelling refresh attempt: org.springframework.beans.factory.BeanCreationException: Error creating bean with name 'entityManagerFactory' defined in class path resource [org/springframework/boot/autoconfigure/orm/jpa/HibernateJpaConfiguration.class]: [PersistenceUnit: default] Unable to build Hibernate SessionFactory; nested exception is org.hibernate.tool.schema.spi.SchemaManagementException: Schema-validation: missing column [id] in table [facilities]
2025-09-02T08:38:55.352+01:00  INFO 65343 --- [MHIS] [main] com.zaxxer.hikari.HikariDataSource       : HikariPool-1 - Shutdown initiated...
2025-09-02T08:38:55.353+01:00  INFO 65343 --- [MHIS] [main] com.zaxxer.hikari.HikariDataSource       : HikariPool-1 - Shutdown completed.
2025-09-02T08:38:55.355+01:00  INFO 65343 --- [MHIS] [main] o.apache.catalina.core.StandardService   : Stopping service [Tomcat]
2025-09-02T08:38:55.368+01:00  INFO 65343 --- [MHIS] [main] .s.b.a.l.ConditionEvaluationReportLogger : 

Error starting ApplicationContext. To display the condition evaluation report re-run your application with 'debug' enabled.
2025-09-02T08:38:55.377+01:00 ERROR 65343 --- [MHIS] [main] o.s.boot.SpringApplication               : Application run failed

org.springframework.beans.factory.BeanCreationException: Error creating bean with name 'entityManagerFactory' defined in class path resource [org/springframework/boot/autoconfigure/orm/jpa/HibernateJpaConfiguration.class]: [PersistenceUnit: default] Unable to build Hibernate SessionFactory; nested exception is org.hibernate.tool.schema.spi.SchemaManagementException: Schema-validation: missing column [id] in table [facilities]
	at org.springframework.beans.factory.support.AbstractAutowireCapableBeanFactory.initializeBean(AbstractAutowireCapableBeanFactory.java:1826) ~[spring-beans-6.2.10.jar:6.2.10]
	at org.springframework.beans.factory.support.AbstractAutowireCapableBeanFactory.doCreateBean(AbstractAutowireCapableBeanFactory.java:607) ~[spring-beans-6.2.10.jar:6.2.10]
	at org.springframework.beans.factory.support.AbstractAutowireCapableBeanFactory.createBean(AbstractAutowireCapableBeanFactory.java:529) ~[spring-beans-6.2.10.jar:6.2.10]
	at org.springframework.beans.factory.support.AbstractBeanFactory.lambda$doGetBean$0(AbstractBeanFactory.java:339) ~[spring-beans-6.2.10.jar:6.2.10]
	at org.springframework.beans.factory.support.DefaultSingletonBeanRegistry.getSingleton(DefaultSingletonBeanRegistry.java:373) ~[spring-beans-6.2.10.jar:6.2.10]
	at org.springframework.beans.factory.support.AbstractBeanFactory.doGetBean(AbstractBeanFactory.java:337) ~[spring-beans-6.2.10.jar:6.2.10]
	at org.springframework.beans.factory.support.AbstractBeanFactory.getBean(AbstractBeanFactory.java:207) ~[spring-beans-6.2.10.jar:6.2.10]
	at org.springframework.context.support.AbstractApplicationContext.finishBeanFactoryInitialization(AbstractApplicationContext.java:970) ~[spring-context-6.2.10.jar:6.2.10]
	at org.springframework.context.support.AbstractApplicationContext.refresh(AbstractApplicationContext.java:627) ~[spring-context-6.2.10.jar:6.2.10]
	at org.springframework.boot.web.servlet.context.ServletWebServerApplicationContext.refresh(ServletWebServerApplicationContext.java:146) ~[spring-boot-3.5.5.jar:3.5.5]
	at org.springframework.boot.SpringApplication.refresh(SpringApplication.java:752) ~[spring-boot-3.5.5.jar:3.5.5]
	at org.springframework.boot.SpringApplication.refreshContext(SpringApplication.java:439) ~[spring-boot-3.5.5.jar:3.5.5]
	at org.springframework.boot.SpringApplication.run(SpringApplication.java:318) ~[spring-boot-3.5.5.jar:3.5.5]
	at org.springframework.boot.SpringApplication.run(SpringApplication.java:1361) ~[spring-boot-3.5.5.jar:3.5.5]
	at org.springframework.boot.SpringApplication.run(SpringApplication.java:1350) ~[spring-boot-3.5.5.jar:3.5.5]
	at com.niyiment.mhis.MhisApplication.main(MhisApplication.java:10) ~[classes/:na]
Caused by: jakarta.persistence.PersistenceException: [PersistenceUnit: default] Unable to build Hibernate SessionFactory; nested exception is org.hibernate.tool.schema.spi.SchemaManagementException: Schema-validation: missing column [id] in table [facilities]
	at org.springframework.orm.jpa.AbstractEntityManagerFactoryBean.buildNativeEntityManagerFactory(AbstractEntityManagerFactoryBean.java:431) ~[spring-orm-6.2.10.jar:6.2.10]
	at org.springframework.orm.jpa.AbstractEntityManagerFactoryBean.afterPropertiesSet(AbstractEntityManagerFactoryBean.java:400) ~[spring-orm-6.2.10.jar:6.2.10]
	at org.springframework.orm.jpa.LocalContainerEntityManagerFactoryBean.afterPropertiesSet(LocalContainerEntityManagerFactoryBean.java:366) ~[spring-orm-6.2.10.jar:6.2.10]
	at org.springframework.beans.factory.support.AbstractAutowireCapableBeanFactory.invokeInitMethods(AbstractAutowireCapableBeanFactory.java:1873) ~[spring-beans-6.2.10.jar:6.2.10]
	at org.springframework.beans.factory.support.AbstractAutowireCapableBeanFactory.initializeBean(AbstractAutowireCapableBeanFactory.java:1822) ~[spring-beans-6.2.10.jar:6.2.10]
	... 15 common frames omitted
Caused by: org.hibernate.tool.schema.spi.SchemaManagementException: Schema-validation: missing column [id] in table [facilities]
	at org.hibernate.tool.schema.internal.AbstractSchemaValidator.validateTable(AbstractSchemaValidator.java:149) ~[hibernate-core-6.6.26.Final.jar:6.6.26.Final]
	at org.hibernate.tool.schema.internal.GroupedSchemaValidatorImpl.validateTables(GroupedSchemaValidatorImpl.java:46) ~[hibernate-core-6.6.26.Final.jar:6.6.26.Final]
	at org.hibernate.tool.schema.internal.AbstractSchemaValidator.performValidation(AbstractSchemaValidator.java:99) ~[hibernate-core-6.6.26.Final.jar:6.6.26.Final]
	at org.hibernate.tool.schema.internal.AbstractSchemaValidator.doValidation(AbstractSchemaValidator.java:77) ~[hibernate-core-6.6.26.Final.jar:6.6.26.Final]
	at org.hibernate.tool.schema.spi.SchemaManagementToolCoordinator.performDatabaseAction(SchemaManagementToolCoordinator.java:289) ~[hibernate-core-6.6.26.Final.jar:6.6.26.Final]
	at org.hibernate.tool.schema.spi.SchemaManagementToolCoordinator.lambda$process$5(SchemaManagementToolCoordinator.java:144) ~[hibernate-core-6.6.26.Final.jar:6.6.26.Final]
	at java.base/java.util.HashMap.forEach(HashMap.java:1429) ~[na:na]
	at org.hibernate.tool.schema.spi.SchemaManagementToolCoordinator.process(SchemaManagementToolCoordinator.java:141) ~[hibernate-core-6.6.26.Final.jar:6.6.26.Final]
	at org.hibernate.boot.internal.SessionFactoryObserverForSchemaExport.sessionFactoryCreated(SessionFactoryObserverForSchemaExport.java:37) ~[hibernate-core-6.6.26.Final.jar:6.6.26.Final]
	at org.hibernate.internal.SessionFactoryObserverChain.sessionFactoryCreated(SessionFactoryObserverChain.java:35) ~[hibernate-core-6.6.26.Final.jar:6.6.26.Final]
	at org.hibernate.internal.SessionFactoryImpl.<init>(SessionFactoryImpl.java:324) ~[hibernate-core-6.6.26.Final.jar:6.6.26.Final]
	at org.hibernate.boot.internal.SessionFactoryBuilderImpl.build(SessionFactoryBuilderImpl.java:463) ~[hibernate-core-6.6.26.Final.jar:6.6.26.Final]
	at org.hibernate.jpa.boot.internal.EntityManagerFactoryBuilderImpl.build(EntityManagerFactoryBuilderImpl.java:1517) ~[hibernate-core-6.6.26.Final.jar:6.6.26.Final]
	at org.springframework.orm.jpa.vendor.SpringHibernateJpaPersistenceProvider.createContainerEntityManagerFactory(SpringHibernateJpaPersistenceProvider.java:66) ~[spring-orm-6.2.10.jar:6.2.10]
	at org.springframework.orm.jpa.LocalContainerEntityManagerFactoryBean.createNativeEntityManagerFactory(LocalContainerEntityManagerFactoryBean.java:390) ~[spring-orm-6.2.10.jar:6.2.10]
	at org.springframework.orm.jpa.AbstractEntityManagerFactoryBean.buildNativeEntityManagerFactory(AbstractEntityManagerFactoryBean.java:419) ~[spring-orm-6.2.10.jar:6.2.10]
	... 19 common frames omitted

2025-09-02T08:39:20.743+01:00  INFO 65401 --- [MHIS] [main] com.niyiment.mhis.MhisApplication        : Starting MhisApplication v1.0.0 using Java 21.0.5 with PID 65401 (/Users/niyi/Documents/development/java/projects/public/mhis/target/classes started by niyi in /Users/niyi/Documents/development/java/projects/public/mhis)
2025-09-02T08:39:20.746+01:00 DEBUG 65401 --- [MHIS] [main] com.niyiment.mhis.MhisApplication        : Running with Spring Boot v3.5.5, Spring v6.2.10
2025-09-02T08:39:20.746+01:00  INFO 65401 --- [MHIS] [main] com.niyiment.mhis.MhisApplication        : The following 1 profile is active: "dev"
2025-09-02T08:39:20.774+01:00  INFO 65401 --- [MHIS] [main] .s.b.d.c.l.DockerComposeLifecycleManager : Using Docker Compose file /Users/niyi/Documents/development/java/projects/public/mhis/compose.yaml
2025-09-02T08:39:21.580+01:00  INFO 65401 --- [MHIS] [OutputReader-stderr] o.s.boot.docker.compose.core.DockerCli   :  Container mhis-postgres-1  Starting
2025-09-02T08:39:21.719+01:00  INFO 65401 --- [MHIS] [OutputReader-stderr] o.s.boot.docker.compose.core.DockerCli   :  Container mhis-postgres-1  Started
2025-09-02T08:39:21.720+01:00  INFO 65401 --- [MHIS] [OutputReader-stderr] o.s.boot.docker.compose.core.DockerCli   :  Container mhis-postgres-1  Waiting
2025-09-02T08:39:22.229+01:00  INFO 65401 --- [MHIS] [OutputReader-stderr] o.s.boot.docker.compose.core.DockerCli   :  Container mhis-postgres-1  Healthy
2025-09-02T08:39:23.150+01:00  INFO 65401 --- [MHIS] [main] .s.d.r.c.RepositoryConfigurationDelegate : Bootstrapping Spring Data JPA repositories in DEFAULT mode.
2025-09-02T08:39:23.182+01:00  INFO 65401 --- [MHIS] [main] .s.d.r.c.RepositoryConfigurationDelegate : Finished Spring Data repository scanning in 26 ms. Found 1 JPA repository interface.
2025-09-02T08:39:23.458+01:00  INFO 65401 --- [MHIS] [main] o.s.b.w.embedded.tomcat.TomcatWebServer  : Tomcat initialized with port 8080 (http)
2025-09-02T08:39:23.469+01:00  INFO 65401 --- [MHIS] [main] o.apache.catalina.core.StandardService   : Starting service [Tomcat]
2025-09-02T08:39:23.470+01:00  INFO 65401 --- [MHIS] [main] o.apache.catalina.core.StandardEngine    : Starting Servlet engine: [Apache Tomcat/10.1.44]
2025-09-02T08:39:23.502+01:00  INFO 65401 --- [MHIS] [main] o.a.c.c.C.[Tomcat].[localhost].[/api]    : Initializing Spring embedded WebApplicationContext
2025-09-02T08:39:23.502+01:00  INFO 65401 --- [MHIS] [main] w.s.c.ServletWebServerApplicationContext : Root WebApplicationContext: initialization completed in 902 ms
2025-09-02T08:39:23.576+01:00 DEBUG 65401 --- [MHIS] [main] o.s.w.f.ServerHttpObservationFilter      : Filter 'webMvcObservationFilter' configured for use
2025-09-02T08:39:23.832+01:00  INFO 65401 --- [MHIS] [main] liquibase.database                       : Set default schema name to public
2025-09-02T08:39:24.089+01:00  INFO 65401 --- [MHIS] [main] liquibase.changelog                      : Reading from public.databasechangelog
2025-09-02T08:39:24.123+01:00  INFO 65401 --- [MHIS] [main] liquibase.changelog                      : Change failed validation!
2025-09-02T08:39:24.125+01:00  INFO 65401 --- [MHIS] [main] liquibase.command                        : Logging exception.
2025-09-02T08:39:24.125+01:00  INFO 65401 --- [MHIS] [main] liquibase.ui                             : ERROR: Exception Details
2025-09-02T08:39:24.125+01:00  INFO 65401 --- [MHIS] [main] liquibase.ui                             : ERROR: Exception Primary Class:  ValidationFailedException
2025-09-02T08:39:24.125+01:00  INFO 65401 --- [MHIS] [main] liquibase.ui                             : ERROR: Exception Primary Reason:  Validation Failed:
     1 changesets check sum
          db/changelog/001-create-facilities-table.xml::001-create-facilities-tables::niyi was: 9:5cb5193710acac387ffffd9c5558d1f4 but is now: 9:bc54f12293dd8f0cbb84c13482a6a62f

2025-09-02T08:39:24.125+01:00  INFO 65401 --- [MHIS] [main] liquibase.ui                             : ERROR: Exception Primary Source:  4.31.1
2025-09-02T08:39:24.125+01:00  INFO 65401 --- [MHIS] [main] liquibase.command                        : Command execution complete
2025-09-02T08:39:25.653+01:00  WARN 65401 --- [MHIS] [main] ConfigServletWebServerApplicationContext : Exception encountered during context initialization - cancelling refresh attempt: org.springframework.beans.factory.BeanCreationException: Error creating bean with name 'entityManagerFactory' defined in class path resource [org/springframework/boot/autoconfigure/orm/jpa/HibernateJpaConfiguration.class]: Failed to initialize dependency 'liquibase' of LoadTimeWeaverAware bean 'entityManagerFactory': Error creating bean with name 'liquibase' defined in class path resource [org/springframework/boot/autoconfigure/liquibase/LiquibaseAutoConfiguration$LiquibaseConfiguration.class]: liquibase.exception.CommandExecutionException: liquibase.exception.ValidationFailedException: Validation Failed:
     1 changesets check sum
          db/changelog/001-create-facilities-table.xml::001-create-facilities-tables::niyi was: 9:5cb5193710acac387ffffd9c5558d1f4 but is now: 9:bc54f12293dd8f0cbb84c13482a6a62f

2025-09-02T08:39:25.672+01:00  INFO 65401 --- [MHIS] [main] o.apache.catalina.core.StandardService   : Stopping service [Tomcat]
2025-09-02T08:39:25.699+01:00  INFO 65401 --- [MHIS] [main] .s.b.a.l.ConditionEvaluationReportLogger : 

Error starting ApplicationContext. To display the condition evaluation report re-run your application with 'debug' enabled.
2025-09-02T08:39:25.710+01:00 ERROR 65401 --- [MHIS] [main] o.s.boot.SpringApplication               : Application run failed

org.springframework.beans.factory.BeanCreationException: Error creating bean with name 'entityManagerFactory' defined in class path resource [org/springframework/boot/autoconfigure/orm/jpa/HibernateJpaConfiguration.class]: Failed to initialize dependency 'liquibase' of LoadTimeWeaverAware bean 'entityManagerFactory': Error creating bean with name 'liquibase' defined in class path resource [org/springframework/boot/autoconfigure/liquibase/LiquibaseAutoConfiguration$LiquibaseConfiguration.class]: liquibase.exception.CommandExecutionException: liquibase.exception.ValidationFailedException: Validation Failed:
     1 changesets check sum
          db/changelog/001-create-facilities-table.xml::001-create-facilities-tables::niyi was: 9:5cb5193710acac387ffffd9c5558d1f4 but is now: 9:bc54f12293dd8f0cbb84c13482a6a62f

	at org.springframework.beans.factory.support.AbstractBeanFactory.doGetBean(AbstractBeanFactory.java:328) ~[spring-beans-6.2.10.jar:6.2.10]
	at org.springframework.beans.factory.support.AbstractBeanFactory.getBean(AbstractBeanFactory.java:207) ~[spring-beans-6.2.10.jar:6.2.10]
	at org.springframework.context.support.AbstractApplicationContext.finishBeanFactoryInitialization(AbstractApplicationContext.java:970) ~[spring-context-6.2.10.jar:6.2.10]
	at org.springframework.context.support.AbstractApplicationContext.refresh(AbstractApplicationContext.java:627) ~[spring-context-6.2.10.jar:6.2.10]
	at org.springframework.boot.web.servlet.context.ServletWebServerApplicationContext.refresh(ServletWebServerApplicationContext.java:146) ~[spring-boot-3.5.5.jar:3.5.5]
	at org.springframework.boot.SpringApplication.refresh(SpringApplication.java:752) ~[spring-boot-3.5.5.jar:3.5.5]
	at org.springframework.boot.SpringApplication.refreshContext(SpringApplication.java:439) ~[spring-boot-3.5.5.jar:3.5.5]
	at org.springframework.boot.SpringApplication.run(SpringApplication.java:318) ~[spring-boot-3.5.5.jar:3.5.5]
	at org.springframework.boot.SpringApplication.run(SpringApplication.java:1361) ~[spring-boot-3.5.5.jar:3.5.5]
	at org.springframework.boot.SpringApplication.run(SpringApplication.java:1350) ~[spring-boot-3.5.5.jar:3.5.5]
	at com.niyiment.mhis.MhisApplication.main(MhisApplication.java:10) ~[classes/:na]
Caused by: org.springframework.beans.factory.BeanCreationException: Error creating bean with name 'liquibase' defined in class path resource [org/springframework/boot/autoconfigure/liquibase/LiquibaseAutoConfiguration$LiquibaseConfiguration.class]: liquibase.exception.CommandExecutionException: liquibase.exception.ValidationFailedException: Validation Failed:
     1 changesets check sum
          db/changelog/001-create-facilities-table.xml::001-create-facilities-tables::niyi was: 9:5cb5193710acac387ffffd9c5558d1f4 but is now: 9:bc54f12293dd8f0cbb84c13482a6a62f

	at org.springframework.beans.factory.support.AbstractAutowireCapableBeanFactory.initializeBean(AbstractAutowireCapableBeanFactory.java:1826) ~[spring-beans-6.2.10.jar:6.2.10]
	at org.springframework.beans.factory.support.AbstractAutowireCapableBeanFactory.doCreateBean(AbstractAutowireCapableBeanFactory.java:607) ~[spring-beans-6.2.10.jar:6.2.10]
	at org.springframework.beans.factory.support.AbstractAutowireCapableBeanFactory.createBean(AbstractAutowireCapableBeanFactory.java:529) ~[spring-beans-6.2.10.jar:6.2.10]
	at org.springframework.beans.factory.support.AbstractBeanFactory.lambda$doGetBean$0(AbstractBeanFactory.java:339) ~[spring-beans-6.2.10.jar:6.2.10]
	at org.springframework.beans.factory.support.DefaultSingletonBeanRegistry.getSingleton(DefaultSingletonBeanRegistry.java:373) ~[spring-beans-6.2.10.jar:6.2.10]
	at org.springframework.beans.factory.support.AbstractBeanFactory.doGetBean(AbstractBeanFactory.java:337) ~[spring-beans-6.2.10.jar:6.2.10]
	at org.springframework.beans.factory.support.AbstractBeanFactory.getBean(AbstractBeanFactory.java:202) ~[spring-beans-6.2.10.jar:6.2.10]
	at org.springframework.beans.factory.support.AbstractBeanFactory.doGetBean(AbstractBeanFactory.java:315) ~[spring-beans-6.2.10.jar:6.2.10]
	... 10 common frames omitted
Caused by: liquibase.exception.LiquibaseException: liquibase.exception.CommandExecutionException: liquibase.exception.ValidationFailedException: Validation Failed:
     1 changesets check sum
          db/changelog/001-create-facilities-table.xml::001-create-facilities-tables::niyi was: 9:5cb5193710acac387ffffd9c5558d1f4 but is now: 9:bc54f12293dd8f0cbb84c13482a6a62f

	at liquibase.integration.spring.SpringLiquibase.afterPropertiesSet(SpringLiquibase.java:288) ~[liquibase-core-4.31.1.jar:na]
	at org.springframework.boot.autoconfigure.liquibase.DataSourceClosingSpringLiquibase.afterPropertiesSet(DataSourceClosingSpringLiquibase.java:46) ~[spring-boot-autoconfigure-3.5.5.jar:3.5.5]
	at org.springframework.beans.factory.support.AbstractAutowireCapableBeanFactory.invokeInitMethods(AbstractAutowireCapableBeanFactory.java:1873) ~[spring-beans-6.2.10.jar:6.2.10]
	at org.springframework.beans.factory.support.AbstractAutowireCapableBeanFactory.initializeBean(AbstractAutowireCapableBeanFactory.java:1822) ~[spring-beans-6.2.10.jar:6.2.10]
	... 17 common frames omitted
Caused by: liquibase.exception.CommandExecutionException: liquibase.exception.ValidationFailedException: Validation Failed:
     1 changesets check sum
          db/changelog/001-create-facilities-table.xml::001-create-facilities-tables::niyi was: 9:5cb5193710acac387ffffd9c5558d1f4 but is now: 9:bc54f12293dd8f0cbb84c13482a6a62f

	at liquibase.command.CommandScope.lambda$execute$6(CommandScope.java:300) ~[liquibase-core-4.31.1.jar:na]
	at liquibase.Scope.child(Scope.java:210) ~[liquibase-core-4.31.1.jar:na]
	at liquibase.Scope.child(Scope.java:186) ~[liquibase-core-4.31.1.jar:na]
	at liquibase.command.CommandScope.execute(CommandScope.java:241) ~[liquibase-core-4.31.1.jar:na]
	at liquibase.Liquibase.lambda$update$0(Liquibase.java:216) ~[liquibase-core-4.31.1.jar:na]
	at liquibase.Scope.lambda$child$0(Scope.java:201) ~[liquibase-core-4.31.1.jar:na]
	at liquibase.Scope.child(Scope.java:210) ~[liquibase-core-4.31.1.jar:na]
	at liquibase.Scope.child(Scope.java:200) ~[liquibase-core-4.31.1.jar:na]
	at liquibase.Scope.child(Scope.java:179) ~[liquibase-core-4.31.1.jar:na]
	at liquibase.Liquibase.runInScope(Liquibase.java:1333) ~[liquibase-core-4.31.1.jar:na]
	at liquibase.Liquibase.update(Liquibase.java:205) ~[liquibase-core-4.31.1.jar:na]
	at liquibase.Liquibase.update(Liquibase.java:188) ~[liquibase-core-4.31.1.jar:na]
	at liquibase.integration.spring.SpringLiquibase.performUpdate(SpringLiquibase.java:326) ~[liquibase-core-4.31.1.jar:na]
	at liquibase.integration.spring.SpringLiquibase.lambda$afterPropertiesSet$0(SpringLiquibase.java:278) ~[liquibase-core-4.31.1.jar:na]
	at liquibase.Scope.lambda$child$0(Scope.java:201) ~[liquibase-core-4.31.1.jar:na]
	at liquibase.Scope.child(Scope.java:210) ~[liquibase-core-4.31.1.jar:na]
	at liquibase.Scope.child(Scope.java:200) ~[liquibase-core-4.31.1.jar:na]
	at liquibase.Scope.child(Scope.java:179) ~[liquibase-core-4.31.1.jar:na]
	at liquibase.integration.spring.SpringLiquibase.afterPropertiesSet(SpringLiquibase.java:271) ~[liquibase-core-4.31.1.jar:na]
	... 20 common frames omitted
Caused by: liquibase.exception.ValidationFailedException: Validation Failed:
     1 changesets check sum
          db/changelog/001-create-facilities-table.xml::001-create-facilities-tables::niyi was: 9:5cb5193710acac387ffffd9c5558d1f4 but is now: 9:bc54f12293dd8f0cbb84c13482a6a62f

	at liquibase.changelog.DatabaseChangeLog.validate(DatabaseChangeLog.java:384) ~[liquibase-core-4.31.1.jar:na]
	at liquibase.command.core.helpers.DatabaseChangelogCommandStep.run(DatabaseChangelogCommandStep.java:88) ~[liquibase-core-4.31.1.jar:na]
	at liquibase.command.CommandScope.lambda$execute$6(CommandScope.java:253) ~[liquibase-core-4.31.1.jar:na]
	... 38 common frames omitted

2025-09-02T08:39:44.820+01:00  INFO 65440 --- [MHIS] [main] com.niyiment.mhis.MhisApplication        : Starting MhisApplication v1.0.0 using Java 21.0.5 with PID 65440 (/Users/niyi/Documents/development/java/projects/public/mhis/target/classes started by niyi in /Users/niyi/Documents/development/java/projects/public/mhis)
2025-09-02T08:39:44.821+01:00 DEBUG 65440 --- [MHIS] [main] com.niyiment.mhis.MhisApplication        : Running with Spring Boot v3.5.5, Spring v6.2.10
2025-09-02T08:39:44.821+01:00  INFO 65440 --- [MHIS] [main] com.niyiment.mhis.MhisApplication        : The following 1 profile is active: "dev"
2025-09-02T08:39:44.845+01:00  INFO 65440 --- [MHIS] [main] .s.b.d.c.l.DockerComposeLifecycleManager : Using Docker Compose file /Users/niyi/Documents/development/java/projects/public/mhis/compose.yaml
2025-09-02T08:39:45.410+01:00  INFO 65440 --- [MHIS] [OutputReader-stderr] o.s.boot.docker.compose.core.DockerCli   :  Network mhis_default  Creating
2025-09-02T08:39:45.448+01:00  INFO 65440 --- [MHIS] [OutputReader-stderr] o.s.boot.docker.compose.core.DockerCli   :  Network mhis_default  Created
2025-09-02T08:39:45.455+01:00  INFO 65440 --- [MHIS] [OutputReader-stderr] o.s.boot.docker.compose.core.DockerCli   :  Container mhis-postgres-1  Creating
2025-09-02T08:39:45.526+01:00  INFO 65440 --- [MHIS] [OutputReader-stderr] o.s.boot.docker.compose.core.DockerCli   :  Container mhis-postgres-1  Created
2025-09-02T08:39:45.556+01:00  INFO 65440 --- [MHIS] [OutputReader-stderr] o.s.boot.docker.compose.core.DockerCli   :  Container mhis-postgres-1  Starting
2025-09-02T08:39:45.707+01:00  INFO 65440 --- [MHIS] [OutputReader-stderr] o.s.boot.docker.compose.core.DockerCli   :  Container mhis-postgres-1  Started
2025-09-02T08:39:45.708+01:00  INFO 65440 --- [MHIS] [OutputReader-stderr] o.s.boot.docker.compose.core.DockerCli   :  Container mhis-postgres-1  Waiting
2025-09-02T08:39:46.211+01:00  INFO 65440 --- [MHIS] [OutputReader-stderr] o.s.boot.docker.compose.core.DockerCli   :  Container mhis-postgres-1  Healthy
2025-09-02T08:39:48.178+01:00  INFO 65440 --- [MHIS] [main] .s.d.r.c.RepositoryConfigurationDelegate : Bootstrapping Spring Data JPA repositories in DEFAULT mode.
2025-09-02T08:39:48.253+01:00  INFO 65440 --- [MHIS] [main] .s.d.r.c.RepositoryConfigurationDelegate : Finished Spring Data repository scanning in 63 ms. Found 1 JPA repository interface.
2025-09-02T08:39:48.555+01:00  INFO 65440 --- [MHIS] [main] o.s.b.w.embedded.tomcat.TomcatWebServer  : Tomcat initialized with port 8080 (http)
2025-09-02T08:39:48.568+01:00  INFO 65440 --- [MHIS] [main] o.apache.catalina.core.StandardService   : Starting service [Tomcat]
2025-09-02T08:39:48.568+01:00  INFO 65440 --- [MHIS] [main] o.apache.catalina.core.StandardEngine    : Starting Servlet engine: [Apache Tomcat/10.1.44]
2025-09-02T08:39:48.602+01:00  INFO 65440 --- [MHIS] [main] o.a.c.c.C.[Tomcat].[localhost].[/api]    : Initializing Spring embedded WebApplicationContext
2025-09-02T08:39:48.602+01:00  INFO 65440 --- [MHIS] [main] w.s.c.ServletWebServerApplicationContext : Root WebApplicationContext: initialization completed in 1017 ms
2025-09-02T08:39:48.678+01:00 DEBUG 65440 --- [MHIS] [main] o.s.w.f.ServerHttpObservationFilter      : Filter 'webMvcObservationFilter' configured for use
2025-09-02T08:39:48.949+01:00  INFO 65440 --- [MHIS] [main] liquibase.database                       : Set default schema name to public
2025-09-02T08:39:49.202+01:00  INFO 65440 --- [MHIS] [main] liquibase.changelog                      : Creating database history table with name: public.databasechangelog
2025-09-02T08:39:49.228+01:00  INFO 65440 --- [MHIS] [main] liquibase.changelog                      : Reading from public.databasechangelog
2025-09-02T08:39:49.247+01:00  INFO 65440 --- [MHIS] [main] liquibase.snapshot                       : Creating snapshot
2025-09-02T08:39:49.305+01:00  INFO 65440 --- [MHIS] [main] liquibase.lockservice                    : Successfully acquired change log lock
2025-09-02T08:39:49.306+01:00  INFO 65440 --- [MHIS] [main] liquibase.command                        : Using deploymentId: 6798788726
2025-09-02T08:39:49.308+01:00  INFO 65440 --- [MHIS] [main] liquibase.changelog                      : Reading from public.databasechangelog
2025-09-02T08:39:49.323+01:00  INFO 65440 --- [MHIS] [main] liquibase.ui                             : Running Changeset: db/changelog/001-create-facilities-table.xml::001-create-facilities-tables::niyi
2025-09-02T08:39:49.333+01:00  INFO 65440 --- [MHIS] [main] liquibase.changelog                      : Table facilities created
2025-09-02T08:39:49.335+01:00  INFO 65440 --- [MHIS] [main] liquibase.changelog                      : ChangeSet db/changelog/001-create-facilities-table.xml::001-create-facilities-tables::niyi ran successfully in 11ms
2025-09-02T08:39:49.343+01:00  INFO 65440 --- [MHIS] [main] liquibase.ui                             : Running Changeset: db/changelog/001-create-facilities-table.xml::002-create-facility-indexes::niyi
2025-09-02T08:39:49.347+01:00  INFO 65440 --- [MHIS] [main] liquibase.changelog                      : Index idx_facilities_facility_code created
2025-09-02T08:39:49.350+01:00  INFO 65440 --- [MHIS] [main] liquibase.changelog                      : Index idx_facilities_facility_name created
2025-09-02T08:39:49.352+01:00  INFO 65440 --- [MHIS] [main] liquibase.changelog                      : Index idx_facilities_state created
2025-09-02T08:39:49.354+01:00  INFO 65440 --- [MHIS] [main] liquibase.changelog                      : Index idx_facilities_lga created
2025-09-02T08:39:49.355+01:00  INFO 65440 --- [MHIS] [main] liquibase.changelog                      : Index idx_facilities_facility_type created
2025-09-02T08:39:49.357+01:00  INFO 65440 --- [MHIS] [main] liquibase.changelog                      : Index idx_facilities_level_of_care created
2025-09-02T08:39:49.359+01:00  INFO 65440 --- [MHIS] [main] liquibase.changelog                      : Index idx_facilities_is_active created
2025-09-02T08:39:49.360+01:00  INFO 65440 --- [MHIS] [main] liquibase.changelog                      : Index idx_facilities_active_state created
2025-09-02T08:39:49.362+01:00  INFO 65440 --- [MHIS] [main] liquibase.changelog                      : Index idx_facilities_active_lga created
2025-09-02T08:39:49.368+01:00  INFO 65440 --- [MHIS] [main] liquibase.changelog                      : Index idx_facilities_dhis2_org_unit_id created
2025-09-02T08:39:49.370+01:00  INFO 65440 --- [MHIS] [main] liquibase.changelog                      : Index idx_facilities_created_at created
2025-09-02T08:39:49.371+01:00  INFO 65440 --- [MHIS] [main] liquibase.changelog                      : Index idx_facilities_updated_at created
2025-09-02T08:39:49.372+01:00  INFO 65440 --- [MHIS] [main] liquibase.changelog                      : ChangeSet db/changelog/001-create-facilities-table.xml::002-create-facility-indexes::niyi ran successfully in 29ms
2025-09-02T08:39:49.377+01:00  INFO 65440 --- [MHIS] [main] liquibase.util                           : UPDATE SUMMARY
2025-09-02T08:39:49.378+01:00  INFO 65440 --- [MHIS] [main] liquibase.util                           : Run:                          2
2025-09-02T08:39:49.378+01:00  INFO 65440 --- [MHIS] [main] liquibase.util                           : Previously run:               0
2025-09-02T08:39:49.378+01:00  INFO 65440 --- [MHIS] [main] liquibase.util                           : Filtered out:                 0
2025-09-02T08:39:49.378+01:00  INFO 65440 --- [MHIS] [main] liquibase.util                           : -------------------------------
2025-09-02T08:39:49.378+01:00  INFO 65440 --- [MHIS] [main] liquibase.util                           : Total change sets:            2
2025-09-02T08:39:49.378+01:00  INFO 65440 --- [MHIS] [main] liquibase.util                           : Update summary generated
2025-09-02T08:39:49.379+01:00  INFO 65440 --- [MHIS] [main] liquibase.command                        : Update command completed successfully.
2025-09-02T08:39:49.379+01:00  INFO 65440 --- [MHIS] [main] liquibase.ui                             : Liquibase: Update has been successful. Rows affected: 2
2025-09-02T08:39:49.382+01:00  INFO 65440 --- [MHIS] [main] liquibase.lockservice                    : Successfully released change log lock
2025-09-02T08:39:49.383+01:00  INFO 65440 --- [MHIS] [main] liquibase.command                        : Command execution complete
2025-09-02T08:39:50.946+01:00  INFO 65440 --- [MHIS] [main] o.hibernate.jpa.internal.util.LogHelper  : HHH000204: Processing PersistenceUnitInfo [name: default]
2025-09-02T08:39:50.977+01:00  INFO 65440 --- [MHIS] [main] org.hibernate.Version                    : HHH000412: Hibernate ORM core version 6.6.26.Final
2025-09-02T08:39:50.994+01:00  INFO 65440 --- [MHIS] [main] o.h.c.internal.RegionFactoryInitiator    : HHH000026: Second-level cache disabled
2025-09-02T08:39:51.134+01:00  INFO 65440 --- [MHIS] [main] o.s.o.j.p.SpringPersistenceUnitInfo      : No LoadTimeWeaver setup: ignoring JPA class transformer
2025-09-02T08:39:51.149+01:00  INFO 65440 --- [MHIS] [main] com.zaxxer.hikari.HikariDataSource       : HikariPool-1 - Starting...
2025-09-02T08:39:51.173+01:00  INFO 65440 --- [MHIS] [main] com.zaxxer.hikari.pool.HikariPool        : HikariPool-1 - Added connection org.postgresql.jdbc.PgConnection@4edd8a0a
2025-09-02T08:39:51.174+01:00  INFO 65440 --- [MHIS] [main] com.zaxxer.hikari.HikariDataSource       : HikariPool-1 - Start completed.
2025-09-02T08:39:51.221+01:00  INFO 65440 --- [MHIS] [main] org.hibernate.orm.connections.pooling    : HHH10001005: Database info:
	Database JDBC URL [Connecting through datasource 'HikariDataSource (HikariPool-1)']
	Database driver: undefined/unknown
	Database version: 17.4
	Autocommit mode: undefined/unknown
	Isolation level: undefined/unknown
	Minimum pool size: undefined/unknown
	Maximum pool size: undefined/unknown
2025-09-02T08:39:51.686+01:00  INFO 65440 --- [MHIS] [main] o.h.e.t.j.p.i.JtaPlatformInitiator       : HHH000489: No JTA platform available (set 'hibernate.transaction.jta.platform' to enable JTA platform integration)
2025-09-02T08:39:51.710+01:00  INFO 65440 --- [MHIS] [main] j.LocalContainerEntityManagerFactoryBean : Initialized JPA EntityManagerFactory for persistence unit 'default'
2025-09-02T08:39:51.826+01:00  WARN 65440 --- [MHIS] [main] JpaBaseConfiguration$JpaWebConfiguration : spring.jpa.open-in-view is enabled by default. Therefore, database queries may be performed during view rendering. Explicitly configure spring.jpa.open-in-view to disable this warning
2025-09-02T08:39:51.881+01:00 DEBUG 65440 --- [MHIS] [main] s.w.s.m.m.a.RequestMappingHandlerMapping : 7 mappings in 'requestMappingHandlerMapping'
2025-09-02T08:39:51.946+01:00 DEBUG 65440 --- [MHIS] [main] o.s.w.s.handler.SimpleUrlHandlerMapping  : Patterns [/webjars/**, /**, /swagger-ui*/*swagger-initializer.js, /swagger-ui*/**] in 'resourceHandlerMapping'
2025-09-02T08:39:51.970+01:00 DEBUG 65440 --- [MHIS] [main] s.w.s.m.m.a.RequestMappingHandlerAdapter : ControllerAdvice beans: 0 @ModelAttribute, 0 @InitBinder, 1 RequestBodyAdvice, 1 ResponseBodyAdvice
2025-09-02T08:39:51.999+01:00 DEBUG 65440 --- [MHIS] [main] .m.m.a.ExceptionHandlerExceptionResolver : ControllerAdvice beans: 1 @ExceptionHandler, 1 ResponseBodyAdvice
2025-09-02T08:39:52.189+01:00  INFO 65440 --- [MHIS] [main] r$InitializeUserDetailsManagerConfigurer : Global AuthenticationManager configured with UserDetailsService bean with name inMemoryUserDetailsManager
2025-09-02T08:39:52.248+01:00  INFO 65440 --- [MHIS] [main] o.s.b.a.e.web.EndpointLinksResolver      : Exposing 6 endpoints beneath base path '/actuator'
2025-09-02T08:39:52.385+01:00  INFO 65440 --- [MHIS] [main] o.s.d.j.r.query.QueryEnhancerFactory     : Hibernate is in classpath; If applicable, HQL parser will be used.
2025-09-02T08:39:52.681+01:00  WARN 65440 --- [MHIS] [main] ConfigServletWebServerApplicationContext : Exception encountered during context initialization - cancelling refresh attempt: org.springframework.beans.factory.BeanCreationException: Error creating bean with name 'facilityRepository' defined in com.niyiment.mhis.facility.repository.FacilityRepository defined in @EnableJpaRepositories declared on JpaRepositoriesRegistrar.EnableJpaRepositoriesConfiguration: Could not create query for public abstract java.util.List com.niyiment.mhis.facility.repository.FacilityRepository.findActiveFacilitiesByDistrict(java.lang.String); Reason: Validation failed for query for method public abstract java.util.List com.niyiment.mhis.facility.repository.FacilityRepository.findActiveFacilitiesByDistrict(java.lang.String)
2025-09-02T08:39:52.682+01:00  INFO 65440 --- [MHIS] [main] j.LocalContainerEntityManagerFactoryBean : Closing JPA EntityManagerFactory for persistence unit 'default'
2025-09-02T08:39:52.684+01:00  INFO 65440 --- [MHIS] [main] com.zaxxer.hikari.HikariDataSource       : HikariPool-1 - Shutdown initiated...
2025-09-02T08:39:52.687+01:00  INFO 65440 --- [MHIS] [main] com.zaxxer.hikari.HikariDataSource       : HikariPool-1 - Shutdown completed.
2025-09-02T08:39:52.688+01:00  INFO 65440 --- [MHIS] [main] o.apache.catalina.core.StandardService   : Stopping service [Tomcat]
2025-09-02T08:39:52.701+01:00  INFO 65440 --- [MHIS] [main] .s.b.a.l.ConditionEvaluationReportLogger : 

Error starting ApplicationContext. To display the condition evaluation report re-run your application with 'debug' enabled.
2025-09-02T08:39:52.711+01:00 ERROR 65440 --- [MHIS] [main] o.s.boot.SpringApplication               : Application run failed

org.springframework.beans.factory.BeanCreationException: Error creating bean with name 'facilityRepository' defined in com.niyiment.mhis.facility.repository.FacilityRepository defined in @EnableJpaRepositories declared on JpaRepositoriesRegistrar.EnableJpaRepositoriesConfiguration: Could not create query for public abstract java.util.List com.niyiment.mhis.facility.repository.FacilityRepository.findActiveFacilitiesByDistrict(java.lang.String); Reason: Validation failed for query for method public abstract java.util.List com.niyiment.mhis.facility.repository.FacilityRepository.findActiveFacilitiesByDistrict(java.lang.String)
	at org.springframework.beans.factory.support.AbstractAutowireCapableBeanFactory.initializeBean(AbstractAutowireCapableBeanFactory.java:1826) ~[spring-beans-6.2.10.jar:6.2.10]
	at org.springframework.beans.factory.support.AbstractAutowireCapableBeanFactory.doCreateBean(AbstractAutowireCapableBeanFactory.java:607) ~[spring-beans-6.2.10.jar:6.2.10]
	at org.springframework.beans.factory.support.AbstractAutowireCapableBeanFactory.createBean(AbstractAutowireCapableBeanFactory.java:529) ~[spring-beans-6.2.10.jar:6.2.10]
	at org.springframework.beans.factory.support.AbstractBeanFactory.lambda$doGetBean$0(AbstractBeanFactory.java:339) ~[spring-beans-6.2.10.jar:6.2.10]
	at org.springframework.beans.factory.support.DefaultSingletonBeanRegistry.getSingleton(DefaultSingletonBeanRegistry.java:373) ~[spring-beans-6.2.10.jar:6.2.10]
	at org.springframework.beans.factory.support.AbstractBeanFactory.doGetBean(AbstractBeanFactory.java:337) ~[spring-beans-6.2.10.jar:6.2.10]
	at org.springframework.beans.factory.support.AbstractBeanFactory.getBean(AbstractBeanFactory.java:202) ~[spring-beans-6.2.10.jar:6.2.10]
	at org.springframework.beans.factory.support.DefaultListableBeanFactory.instantiateSingleton(DefaultListableBeanFactory.java:1216) ~[spring-beans-6.2.10.jar:6.2.10]
	at org.springframework.beans.factory.support.DefaultListableBeanFactory.preInstantiateSingleton(DefaultListableBeanFactory.java:1188) ~[spring-beans-6.2.10.jar:6.2.10]
	at org.springframework.beans.factory.support.DefaultListableBeanFactory.preInstantiateSingletons(DefaultListableBeanFactory.java:1123) ~[spring-beans-6.2.10.jar:6.2.10]
	at org.springframework.context.support.AbstractApplicationContext.finishBeanFactoryInitialization(AbstractApplicationContext.java:987) ~[spring-context-6.2.10.jar:6.2.10]
	at org.springframework.context.support.AbstractApplicationContext.refresh(AbstractApplicationContext.java:627) ~[spring-context-6.2.10.jar:6.2.10]
	at org.springframework.boot.web.servlet.context.ServletWebServerApplicationContext.refresh(ServletWebServerApplicationContext.java:146) ~[spring-boot-3.5.5.jar:3.5.5]
	at org.springframework.boot.SpringApplication.refresh(SpringApplication.java:752) ~[spring-boot-3.5.5.jar:3.5.5]
	at org.springframework.boot.SpringApplication.refreshContext(SpringApplication.java:439) ~[spring-boot-3.5.5.jar:3.5.5]
	at org.springframework.boot.SpringApplication.run(SpringApplication.java:318) ~[spring-boot-3.5.5.jar:3.5.5]
	at org.springframework.boot.SpringApplication.run(SpringApplication.java:1361) ~[spring-boot-3.5.5.jar:3.5.5]
	at org.springframework.boot.SpringApplication.run(SpringApplication.java:1350) ~[spring-boot-3.5.5.jar:3.5.5]
	at com.niyiment.mhis.MhisApplication.main(MhisApplication.java:10) ~[classes/:na]
Caused by: org.springframework.data.repository.query.QueryCreationException: Could not create query for public abstract java.util.List com.niyiment.mhis.facility.repository.FacilityRepository.findActiveFacilitiesByDistrict(java.lang.String); Reason: Validation failed for query for method public abstract java.util.List com.niyiment.mhis.facility.repository.FacilityRepository.findActiveFacilitiesByDistrict(java.lang.String)
	at org.springframework.data.repository.query.QueryCreationException.create(QueryCreationException.java:101) ~[spring-data-commons-3.5.3.jar:3.5.3]
	at org.springframework.data.repository.core.support.QueryExecutorMethodInterceptor.lookupQuery(QueryExecutorMethodInterceptor.java:120) ~[spring-data-commons-3.5.3.jar:3.5.3]
	at org.springframework.data.repository.core.support.QueryExecutorMethodInterceptor.mapMethodsToQuery(QueryExecutorMethodInterceptor.java:104) ~[spring-data-commons-3.5.3.jar:3.5.3]
	at org.springframework.data.repository.core.support.QueryExecutorMethodInterceptor.lambda$new$0(QueryExecutorMethodInterceptor.java:92) ~[spring-data-commons-3.5.3.jar:3.5.3]
	at java.base/java.util.Optional.map(Optional.java:260) ~[na:na]
	at org.springframework.data.repository.core.support.QueryExecutorMethodInterceptor.<init>(QueryExecutorMethodInterceptor.java:92) ~[spring-data-commons-3.5.3.jar:3.5.3]
	at org.springframework.data.repository.core.support.RepositoryFactorySupport.getRepository(RepositoryFactorySupport.java:434) ~[spring-data-commons-3.5.3.jar:3.5.3]
	at org.springframework.data.repository.core.support.RepositoryFactoryBeanSupport.lambda$afterPropertiesSet$4(RepositoryFactoryBeanSupport.java:350) ~[spring-data-commons-3.5.3.jar:3.5.3]
	at org.springframework.data.util.Lazy.getNullable(Lazy.java:135) ~[spring-data-commons-3.5.3.jar:3.5.3]
	at org.springframework.data.util.Lazy.get(Lazy.java:113) ~[spring-data-commons-3.5.3.jar:3.5.3]
	at org.springframework.data.repository.core.support.RepositoryFactoryBeanSupport.afterPropertiesSet(RepositoryFactoryBeanSupport.java:356) ~[spring-data-commons-3.5.3.jar:3.5.3]
	at org.springframework.data.jpa.repository.support.JpaRepositoryFactoryBean.afterPropertiesSet(JpaRepositoryFactoryBean.java:132) ~[spring-data-jpa-3.5.3.jar:3.5.3]
	at org.springframework.beans.factory.support.AbstractAutowireCapableBeanFactory.invokeInitMethods(AbstractAutowireCapableBeanFactory.java:1873) ~[spring-beans-6.2.10.jar:6.2.10]
	at org.springframework.beans.factory.support.AbstractAutowireCapableBeanFactory.initializeBean(AbstractAutowireCapableBeanFactory.java:1822) ~[spring-beans-6.2.10.jar:6.2.10]
	... 18 common frames omitted
Caused by: java.lang.IllegalArgumentException: Validation failed for query for method public abstract java.util.List com.niyiment.mhis.facility.repository.FacilityRepository.findActiveFacilitiesByDistrict(java.lang.String)
	at org.springframework.data.jpa.repository.query.SimpleJpaQuery.validateQuery(SimpleJpaQuery.java:97) ~[spring-data-jpa-3.5.3.jar:3.5.3]
	at org.springframework.data.jpa.repository.query.SimpleJpaQuery.<init>(SimpleJpaQuery.java:67) ~[spring-data-jpa-3.5.3.jar:3.5.3]
	at org.springframework.data.jpa.repository.query.JpaQueryFactory.fromMethodWithQueryString(JpaQueryFactory.java:49) ~[spring-data-jpa-3.5.3.jar:3.5.3]
	at org.springframework.data.jpa.repository.query.JpaQueryLookupStrategy$DeclaredQueryLookupStrategy.resolveQuery(JpaQueryLookupStrategy.java:174) ~[spring-data-jpa-3.5.3.jar:3.5.3]
	at org.springframework.data.jpa.repository.query.JpaQueryLookupStrategy$CreateIfNotFoundQueryLookupStrategy.resolveQuery(JpaQueryLookupStrategy.java:254) ~[spring-data-jpa-3.5.3.jar:3.5.3]
	at org.springframework.data.jpa.repository.query.JpaQueryLookupStrategy$AbstractQueryLookupStrategy.resolveQuery(JpaQueryLookupStrategy.java:99) ~[spring-data-jpa-3.5.3.jar:3.5.3]
	at org.springframework.data.repository.core.support.QueryExecutorMethodInterceptor.lookupQuery(QueryExecutorMethodInterceptor.java:116) ~[spring-data-commons-3.5.3.jar:3.5.3]
	... 30 common frames omitted
Caused by: java.lang.IllegalArgumentException: org.hibernate.query.sqm.UnknownPathException: Could not resolve attribute 'district' of 'com.niyiment.mhis.facility.domain.Facility' [SELECT f FROM Facility f WHERE f.district = :district AND f.isActive = true]
	at org.hibernate.internal.ExceptionConverterImpl.convert(ExceptionConverterImpl.java:143) ~[hibernate-core-6.6.26.Final.jar:6.6.26.Final]
	at org.hibernate.internal.ExceptionConverterImpl.convert(ExceptionConverterImpl.java:167) ~[hibernate-core-6.6.26.Final.jar:6.6.26.Final]
	at org.hibernate.internal.ExceptionConverterImpl.convert(ExceptionConverterImpl.java:173) ~[hibernate-core-6.6.26.Final.jar:6.6.26.Final]
	at org.hibernate.internal.AbstractSharedSessionContract.createQuery(AbstractSharedSessionContract.java:886) ~[hibernate-core-6.6.26.Final.jar:6.6.26.Final]
	at org.hibernate.internal.AbstractSharedSessionContract.createQuery(AbstractSharedSessionContract.java:796) ~[hibernate-core-6.6.26.Final.jar:6.6.26.Final]
	at org.hibernate.internal.AbstractSharedSessionContract.createQuery(AbstractSharedSessionContract.java:143) ~[hibernate-core-6.6.26.Final.jar:6.6.26.Final]
	at java.base/jdk.internal.reflect.DirectMethodHandleAccessor.invoke(DirectMethodHandleAccessor.java:103) ~[na:na]
	at java.base/java.lang.reflect.Method.invoke(Method.java:580) ~[na:na]
	at org.springframework.orm.jpa.ExtendedEntityManagerCreator$ExtendedEntityManagerInvocationHandler.invoke(ExtendedEntityManagerCreator.java:364) ~[spring-orm-6.2.10.jar:6.2.10]
	at jdk.proxy2/jdk.proxy2.$Proxy179.createQuery(Unknown Source) ~[na:na]
	at org.springframework.data.jpa.repository.query.SimpleJpaQuery.validateQuery(SimpleJpaQuery.java:91) ~[spring-data-jpa-3.5.3.jar:3.5.3]
	... 36 common frames omitted
Caused by: org.hibernate.query.sqm.UnknownPathException: Could not resolve attribute 'district' of 'com.niyiment.mhis.facility.domain.Facility' [SELECT f FROM Facility f WHERE f.district = :district AND f.isActive = true]
	at org.hibernate.query.hql.internal.StandardHqlTranslator.translate(StandardHqlTranslator.java:88) ~[hibernate-core-6.6.26.Final.jar:6.6.26.Final]
	at org.hibernate.query.internal.QueryInterpretationCacheStandardImpl.createHqlInterpretation(QueryInterpretationCacheStandardImpl.java:145) ~[hibernate-core-6.6.26.Final.jar:6.6.26.Final]
	at org.hibernate.query.internal.QueryInterpretationCacheStandardImpl.resolveHqlInterpretation(QueryInterpretationCacheStandardImpl.java:132) ~[hibernate-core-6.6.26.Final.jar:6.6.26.Final]
	at org.hibernate.query.spi.QueryEngine.interpretHql(QueryEngine.java:54) ~[hibernate-core-6.6.26.Final.jar:6.6.26.Final]
	at org.hibernate.internal.AbstractSharedSessionContract.interpretHql(AbstractSharedSessionContract.java:832) ~[hibernate-core-6.6.26.Final.jar:6.6.26.Final]
	at org.hibernate.internal.AbstractSharedSessionContract.createQuery(AbstractSharedSessionContract.java:878) ~[hibernate-core-6.6.26.Final.jar:6.6.26.Final]
	... 43 common frames omitted
Caused by: org.hibernate.query.sqm.PathElementException: Could not resolve attribute 'district' of 'com.niyiment.mhis.facility.domain.Facility'
	at org.hibernate.query.sqm.SqmPathSource.getSubPathSource(SqmPathSource.java:95) ~[hibernate-core-6.6.26.Final.jar:6.6.26.Final]
	at org.hibernate.query.sqm.tree.domain.AbstractSqmPath.get(AbstractSqmPath.java:199) ~[hibernate-core-6.6.26.Final.jar:6.6.26.Final]
	at org.hibernate.query.sqm.tree.domain.AbstractSqmFrom.resolvePathPart(AbstractSqmFrom.java:198) ~[hibernate-core-6.6.26.Final.jar:6.6.26.Final]
	at org.hibernate.query.hql.internal.DomainPathPart.resolvePathPart(DomainPathPart.java:42) ~[hibernate-core-6.6.26.Final.jar:6.6.26.Final]
	at org.hibernate.query.hql.internal.BasicDotIdentifierConsumer.consumeIdentifier(BasicDotIdentifierConsumer.java:92) ~[hibernate-core-6.6.26.Final.jar:6.6.26.Final]
	at org.hibernate.query.hql.internal.SemanticQueryBuilder.visitSimplePath(SemanticQueryBuilder.java:5465) ~[hibernate-core-6.6.26.Final.jar:6.6.26.Final]
	at org.hibernate.query.hql.internal.SemanticQueryBuilder.visitGeneralPathFragment(SemanticQueryBuilder.java:5298) ~[hibernate-core-6.6.26.Final.jar:6.6.26.Final]
	at org.hibernate.query.hql.internal.SemanticQueryBuilder.visitGeneralPathExpression(SemanticQueryBuilder.java:1891) ~[hibernate-core-6.6.26.Final.jar:6.6.26.Final]
	at org.hibernate.grammars.hql.HqlParser$GeneralPathExpressionContext.accept(HqlParser.java:8268) ~[hibernate-core-6.6.26.Final.jar:6.6.26.Final]
	at org.antlr.v4.runtime.tree.AbstractParseTreeVisitor.visitChildren(AbstractParseTreeVisitor.java:46) ~[antlr4-runtime-4.13.0.jar:4.13.0]
	at org.hibernate.grammars.hql.HqlParserBaseVisitor.visitBarePrimaryExpression(HqlParserBaseVisitor.java:812) ~[hibernate-core-6.6.26.Final.jar:6.6.26.Final]
	at org.hibernate.grammars.hql.HqlParser$BarePrimaryExpressionContext.accept(HqlParser.java:7726) ~[hibernate-core-6.6.26.Final.jar:6.6.26.Final]
	at org.hibernate.query.hql.internal.SemanticQueryBuilder.createComparisonPredicate(SemanticQueryBuilder.java:2548) ~[hibernate-core-6.6.26.Final.jar:6.6.26.Final]
	at org.hibernate.query.hql.internal.SemanticQueryBuilder.visitComparisonPredicate(SemanticQueryBuilder.java:2509) ~[hibernate-core-6.6.26.Final.jar:6.6.26.Final]
	at org.hibernate.query.hql.internal.SemanticQueryBuilder.visitComparisonPredicate(SemanticQueryBuilder.java:277) ~[hibernate-core-6.6.26.Final.jar:6.6.26.Final]
	at org.hibernate.grammars.hql.HqlParser$ComparisonPredicateContext.accept(HqlParser.java:6611) ~[hibernate-core-6.6.26.Final.jar:6.6.26.Final]
	at org.hibernate.query.hql.internal.SemanticQueryBuilder.visitAndPredicate(SemanticQueryBuilder.java:2378) ~[hibernate-core-6.6.26.Final.jar:6.6.26.Final]
	at org.hibernate.query.hql.internal.SemanticQueryBuilder.visitAndPredicate(SemanticQueryBuilder.java:277) ~[hibernate-core-6.6.26.Final.jar:6.6.26.Final]
	at org.hibernate.grammars.hql.HqlParser$AndPredicateContext.accept(HqlParser.java:6461) ~[hibernate-core-6.6.26.Final.jar:6.6.26.Final]
	at org.hibernate.query.hql.internal.SemanticQueryBuilder.visitWhereClause(SemanticQueryBuilder.java:2361) ~[hibernate-core-6.6.26.Final.jar:6.6.26.Final]
	at org.hibernate.query.hql.internal.SemanticQueryBuilder.visitWhereClause(SemanticQueryBuilder.java:277) ~[hibernate-core-6.6.26.Final.jar:6.6.26.Final]
	at org.hibernate.grammars.hql.HqlParser$WhereClauseContext.accept(HqlParser.java:6302) ~[hibernate-core-6.6.26.Final.jar:6.6.26.Final]
	at org.hibernate.query.hql.internal.SemanticQueryBuilder.visitQuery(SemanticQueryBuilder.java:1259) ~[hibernate-core-6.6.26.Final.jar:6.6.26.Final]
	at org.hibernate.query.hql.internal.SemanticQueryBuilder.visitQuerySpecExpression(SemanticQueryBuilder.java:1040) ~[hibernate-core-6.6.26.Final.jar:6.6.26.Final]
	at org.hibernate.query.hql.internal.SemanticQueryBuilder.visitQuerySpecExpression(SemanticQueryBuilder.java:277) ~[hibernate-core-6.6.26.Final.jar:6.6.26.Final]
	at org.hibernate.grammars.hql.HqlParser$QuerySpecExpressionContext.accept(HqlParser.java:2134) ~[hibernate-core-6.6.26.Final.jar:6.6.26.Final]
	at org.hibernate.query.hql.internal.SemanticQueryBuilder.visitSimpleQueryGroup(SemanticQueryBuilder.java:1025) ~[hibernate-core-6.6.26.Final.jar:6.6.26.Final]
	at org.hibernate.query.hql.internal.SemanticQueryBuilder.visitSimpleQueryGroup(SemanticQueryBuilder.java:277) ~[hibernate-core-6.6.26.Final.jar:6.6.26.Final]
	at org.hibernate.grammars.hql.HqlParser$SimpleQueryGroupContext.accept(HqlParser.java:2005) ~[hibernate-core-6.6.26.Final.jar:6.6.26.Final]
	at org.hibernate.query.hql.internal.SemanticQueryBuilder.visitSelectStatement(SemanticQueryBuilder.java:492) ~[hibernate-core-6.6.26.Final.jar:6.6.26.Final]
	at org.hibernate.query.hql.internal.SemanticQueryBuilder.visitStatement(SemanticQueryBuilder.java:451) ~[hibernate-core-6.6.26.Final.jar:6.6.26.Final]
	at org.hibernate.query.hql.internal.SemanticQueryBuilder.buildSemanticModel(SemanticQueryBuilder.java:324) ~[hibernate-core-6.6.26.Final.jar:6.6.26.Final]
	at org.hibernate.query.hql.internal.StandardHqlTranslator.translate(StandardHqlTranslator.java:71) ~[hibernate-core-6.6.26.Final.jar:6.6.26.Final]
	... 48 common frames omitted

2025-09-02T08:41:37.618+01:00  INFO 65538 --- [MHIS] [main] com.niyiment.mhis.MhisApplication        : Starting MhisApplication v1.0.0 using Java 21.0.5 with PID 65538 (/Users/niyi/Documents/development/java/projects/public/mhis/target/classes started by niyi in /Users/niyi/Documents/development/java/projects/public/mhis)
2025-09-02T08:41:37.619+01:00 DEBUG 65538 --- [MHIS] [main] com.niyiment.mhis.MhisApplication        : Running with Spring Boot v3.5.5, Spring v6.2.10
2025-09-02T08:41:37.620+01:00  INFO 65538 --- [MHIS] [main] com.niyiment.mhis.MhisApplication        : The following 1 profile is active: "dev"
2025-09-02T08:41:37.645+01:00  INFO 65538 --- [MHIS] [main] .s.b.d.c.l.DockerComposeLifecycleManager : Using Docker Compose file /Users/niyi/Documents/development/java/projects/public/mhis/compose.yaml
2025-09-02T08:41:38.361+01:00  INFO 65538 --- [MHIS] [OutputReader-stderr] o.s.boot.docker.compose.core.DockerCli   :  Container mhis-postgres-1  Starting
2025-09-02T08:41:38.531+01:00  INFO 65538 --- [MHIS] [OutputReader-stderr] o.s.boot.docker.compose.core.DockerCli   :  Container mhis-postgres-1  Started
2025-09-02T08:41:38.532+01:00  INFO 65538 --- [MHIS] [OutputReader-stderr] o.s.boot.docker.compose.core.DockerCli   :  Container mhis-postgres-1  Waiting
2025-09-02T08:41:39.045+01:00  INFO 65538 --- [MHIS] [OutputReader-stderr] o.s.boot.docker.compose.core.DockerCli   :  Container mhis-postgres-1  Healthy
2025-09-02T08:41:39.996+01:00  INFO 65538 --- [MHIS] [main] .s.d.r.c.RepositoryConfigurationDelegate : Bootstrapping Spring Data JPA repositories in DEFAULT mode.
2025-09-02T08:41:40.035+01:00  INFO 65538 --- [MHIS] [main] .s.d.r.c.RepositoryConfigurationDelegate : Finished Spring Data repository scanning in 34 ms. Found 1 JPA repository interface.
2025-09-02T08:41:40.309+01:00  INFO 65538 --- [MHIS] [main] o.s.b.w.embedded.tomcat.TomcatWebServer  : Tomcat initialized with port 8080 (http)
2025-09-02T08:41:40.323+01:00  INFO 65538 --- [MHIS] [main] o.apache.catalina.core.StandardService   : Starting service [Tomcat]
2025-09-02T08:41:40.323+01:00  INFO 65538 --- [MHIS] [main] o.apache.catalina.core.StandardEngine    : Starting Servlet engine: [Apache Tomcat/10.1.44]
2025-09-02T08:41:40.358+01:00  INFO 65538 --- [MHIS] [main] o.a.c.c.C.[Tomcat].[localhost].[/api]    : Initializing Spring embedded WebApplicationContext
2025-09-02T08:41:40.358+01:00  INFO 65538 --- [MHIS] [main] w.s.c.ServletWebServerApplicationContext : Root WebApplicationContext: initialization completed in 916 ms
2025-09-02T08:41:40.434+01:00 DEBUG 65538 --- [MHIS] [main] o.s.w.f.ServerHttpObservationFilter      : Filter 'webMvcObservationFilter' configured for use
2025-09-02T08:41:40.701+01:00  INFO 65538 --- [MHIS] [main] liquibase.database                       : Set default schema name to public
2025-09-02T08:41:40.960+01:00  INFO 65538 --- [MHIS] [main] liquibase.changelog                      : Reading from public.databasechangelog
2025-09-02T08:41:40.998+01:00  INFO 65538 --- [MHIS] [main] liquibase.ui                             : Database is up to date, no changesets to execute
2025-09-02T08:41:41.000+01:00  INFO 65538 --- [MHIS] [main] liquibase.changelog                      : Reading from public.databasechangelog
2025-09-02T08:41:41.005+01:00  INFO 65538 --- [MHIS] [main] liquibase.util                           : UPDATE SUMMARY
2025-09-02T08:41:41.005+01:00  INFO 65538 --- [MHIS] [main] liquibase.util                           : Run:                          0
2025-09-02T08:41:41.005+01:00  INFO 65538 --- [MHIS] [main] liquibase.util                           : Previously run:               2
2025-09-02T08:41:41.005+01:00  INFO 65538 --- [MHIS] [main] liquibase.util                           : Filtered out:                 0
2025-09-02T08:41:41.005+01:00  INFO 65538 --- [MHIS] [main] liquibase.util                           : -------------------------------
2025-09-02T08:41:41.005+01:00  INFO 65538 --- [MHIS] [main] liquibase.util                           : Total change sets:            2
2025-09-02T08:41:41.006+01:00  INFO 65538 --- [MHIS] [main] liquibase.util                           : Update summary generated
2025-09-02T08:41:41.006+01:00  INFO 65538 --- [MHIS] [main] liquibase.command                        : Command execution complete
2025-09-02T08:41:42.586+01:00  INFO 65538 --- [MHIS] [main] o.hibernate.jpa.internal.util.LogHelper  : HHH000204: Processing PersistenceUnitInfo [name: default]
2025-09-02T08:41:42.611+01:00  INFO 65538 --- [MHIS] [main] org.hibernate.Version                    : HHH000412: Hibernate ORM core version 6.6.26.Final
2025-09-02T08:41:42.631+01:00  INFO 65538 --- [MHIS] [main] o.h.c.internal.RegionFactoryInitiator    : HHH000026: Second-level cache disabled
2025-09-02T08:41:42.769+01:00  INFO 65538 --- [MHIS] [main] o.s.o.j.p.SpringPersistenceUnitInfo      : No LoadTimeWeaver setup: ignoring JPA class transformer
2025-09-02T08:41:42.784+01:00  INFO 65538 --- [MHIS] [main] com.zaxxer.hikari.HikariDataSource       : HikariPool-1 - Starting...
2025-09-02T08:41:42.807+01:00  INFO 65538 --- [MHIS] [main] com.zaxxer.hikari.pool.HikariPool        : HikariPool-1 - Added connection org.postgresql.jdbc.PgConnection@24ee6faa
2025-09-02T08:41:42.808+01:00  INFO 65538 --- [MHIS] [main] com.zaxxer.hikari.HikariDataSource       : HikariPool-1 - Start completed.
2025-09-02T08:41:42.854+01:00  INFO 65538 --- [MHIS] [main] org.hibernate.orm.connections.pooling    : HHH10001005: Database info:
	Database JDBC URL [Connecting through datasource 'HikariDataSource (HikariPool-1)']
	Database driver: undefined/unknown
	Database version: 17.4
	Autocommit mode: undefined/unknown
	Isolation level: undefined/unknown
	Minimum pool size: undefined/unknown
	Maximum pool size: undefined/unknown
2025-09-02T08:41:43.299+01:00  INFO 65538 --- [MHIS] [main] o.h.e.t.j.p.i.JtaPlatformInitiator       : HHH000489: No JTA platform available (set 'hibernate.transaction.jta.platform' to enable JTA platform integration)
2025-09-02T08:41:43.323+01:00  INFO 65538 --- [MHIS] [main] j.LocalContainerEntityManagerFactoryBean : Initialized JPA EntityManagerFactory for persistence unit 'default'
2025-09-02T08:41:43.435+01:00  WARN 65538 --- [MHIS] [main] JpaBaseConfiguration$JpaWebConfiguration : spring.jpa.open-in-view is enabled by default. Therefore, database queries may be performed during view rendering. Explicitly configure spring.jpa.open-in-view to disable this warning
2025-09-02T08:41:43.493+01:00 DEBUG 65538 --- [MHIS] [main] s.w.s.m.m.a.RequestMappingHandlerMapping : 7 mappings in 'requestMappingHandlerMapping'
2025-09-02T08:41:43.562+01:00 DEBUG 65538 --- [MHIS] [main] o.s.w.s.handler.SimpleUrlHandlerMapping  : Patterns [/webjars/**, /**, /swagger-ui*/*swagger-initializer.js, /swagger-ui*/**] in 'resourceHandlerMapping'
2025-09-02T08:41:43.584+01:00 DEBUG 65538 --- [MHIS] [main] s.w.s.m.m.a.RequestMappingHandlerAdapter : ControllerAdvice beans: 0 @ModelAttribute, 0 @InitBinder, 1 RequestBodyAdvice, 1 ResponseBodyAdvice
2025-09-02T08:41:43.612+01:00 DEBUG 65538 --- [MHIS] [main] .m.m.a.ExceptionHandlerExceptionResolver : ControllerAdvice beans: 1 @ExceptionHandler, 1 ResponseBodyAdvice
2025-09-02T08:41:43.796+01:00  INFO 65538 --- [MHIS] [main] r$InitializeUserDetailsManagerConfigurer : Global AuthenticationManager configured with UserDetailsService bean with name inMemoryUserDetailsManager
2025-09-02T08:41:43.857+01:00  INFO 65538 --- [MHIS] [main] o.s.b.a.e.web.EndpointLinksResolver      : Exposing 6 endpoints beneath base path '/actuator'
2025-09-02T08:41:44.009+01:00  INFO 65538 --- [MHIS] [main] o.s.d.j.r.query.QueryEnhancerFactory     : Hibernate is in classpath; If applicable, HQL parser will be used.
2025-09-02T08:41:45.078+01:00  INFO 65538 --- [MHIS] [main] o.s.b.w.embedded.tomcat.TomcatWebServer  : Tomcat started on port 8080 (http) with context path '/api'
2025-09-02T08:41:45.089+01:00  INFO 65538 --- [MHIS] [main] com.niyiment.mhis.MhisApplication        : Started MhisApplication in 7.813 seconds (process running for 8.093)
2025-09-02T08:41:49.737+01:00  INFO 65538 --- [MHIS] [SpringApplicationShutdownHook] o.s.b.w.e.tomcat.GracefulShutdown        : Commencing graceful shutdown. Waiting for active requests to complete
2025-09-02T08:41:51.766+01:00  INFO 65538 --- [MHIS] [tomcat-shutdown] o.s.b.w.e.tomcat.GracefulShutdown        : Graceful shutdown complete
2025-09-02T08:41:51.780+01:00  INFO 65538 --- [MHIS] [SpringApplicationShutdownHook] j.LocalContainerEntityManagerFactoryBean : Closing JPA EntityManagerFactory for persistence unit 'default'
2025-09-02T08:41:51.785+01:00  INFO 65538 --- [MHIS] [SpringApplicationShutdownHook] com.zaxxer.hikari.HikariDataSource       : HikariPool-1 - Shutdown initiated...
2025-09-02T08:41:51.789+01:00  INFO 65538 --- [MHIS] [SpringApplicationShutdownHook] com.zaxxer.hikari.HikariDataSource       : HikariPool-1 - Shutdown completed.
